<?xml version="1.0" encoding="UTF-8"?>
<!-- Generated by org.testng.reporters.JUnitXMLReporter -->
<testsuite ignored="9" hostname="LAPTOP-PBC84H5H" failures="1" tests="1" name="Default test" time="7.078" errors="0" timestamp="2024-04-02T07:54:31 IST">
  <testcase classname="apiTests.PetTests" name="Pet_Get_Status" time="5.647">
    <failure type="com.fasterxml.jackson.databind.exc.MismatchedInputException" message="Cannot deserialize value of type `apiModels.PetJSONModelList` from Array value (token `JsonToken.START_ARRAY`)
 at [Source: (String)&amp;quot;[{&amp;quot;id&amp;quot;:1712022524383,&amp;quot;category&amp;quot;:{&amp;quot;id&amp;quot;:1,&amp;quot;name&amp;quot;:&amp;quot;category1&amp;quot;},&amp;quot;name&amp;quot;:&amp;quot;jaroWolfy&amp;quot;,&amp;quot;photoUrls&amp;quot;:[&amp;quot;url-1&amp;quot;,&amp;quot;url-2&amp;quot;,&amp;quot;url-3&amp;quot;],&amp;quot;tags&amp;quot;:[{&amp;quot;id&amp;quot;:1,&amp;quot;name&amp;quot;:&amp;quot;tag-1&amp;quot;},{&amp;quot;id&amp;quot;:2,&amp;quot;name&amp;quot;:&amp;quot;tag-2&amp;quot;}],&amp;quot;status&amp;quot;:&amp;quot;pending&amp;quot;},{&amp;quot;id&amp;quot;:1712022552929,&amp;quot;category&amp;quot;:{&amp;quot;id&amp;quot;:1,&amp;quot;name&amp;quot;:&amp;quot;category1&amp;quot;},&amp;quot;name&amp;quot;:&amp;quot;jaroWolfy&amp;quot;,&amp;quot;photoUrls&amp;quot;:[&amp;quot;url-1&amp;quot;,&amp;quot;url-2&amp;quot;,&amp;quot;url-3&amp;quot;],&amp;quot;tags&amp;quot;:[{&amp;quot;id&amp;quot;:1,&amp;quot;name&amp;quot;:&amp;quot;tag-1&amp;quot;},{&amp;quot;id&amp;quot;:2,&amp;quot;name&amp;quot;:&amp;quot;tag-2&amp;quot;}],&amp;quot;status&amp;quot;:&amp;quot;pending&amp;quot;},{&amp;quot;id&amp;quot;:1712022636556,&amp;quot;category&amp;quot;:{&amp;quot;id&amp;quot;:1,&amp;quot;name&amp;quot;:&amp;quot;category1&amp;quot;},&amp;quot;name&amp;quot;:&amp;quot;jaroWolfy&amp;quot;,&amp;quot;photoUrls&amp;quot;:[&amp;quot;url-1&amp;quot;,&amp;quot;url-2&amp;quot;,&amp;quot;url-3&amp;quot;[truncated 891 chars]; line: 1, column: 1]">
      <![CDATA[com.fasterxml.jackson.databind.exc.MismatchedInputException: Cannot deserialize value of type `apiModels.PetJSONModelList` from Array value (token `JsonToken.START_ARRAY`)
 at [Source: (String)"[{"id":1712022524383,"category":{"id":1,"name":"category1"},"name":"jaroWolfy","photoUrls":["url-1","url-2","url-3"],"tags":[{"id":1,"name":"tag-1"},{"id":2,"name":"tag-2"}],"status":"pending"},{"id":1712022552929,"category":{"id":1,"name":"category1"},"name":"jaroWolfy","photoUrls":["url-1","url-2","url-3"],"tags":[{"id":1,"name":"tag-1"},{"id":2,"name":"tag-2"}],"status":"pending"},{"id":1712022636556,"category":{"id":1,"name":"category1"},"name":"jaroWolfy","photoUrls":["url-1","url-2","url-3"[truncated 891 chars]; line: 1, column: 1]
at com.fasterxml.jackson.databind.exc.MismatchedInputException.from(MismatchedInputException.java:59)
at com.fasterxml.jackson.databind.DeserializationContext.reportInputMismatch(DeserializationContext.java:1752)
at com.fasterxml.jackson.databind.DeserializationContext.handleUnexpectedToken(DeserializationContext.java:1526)
at com.fasterxml.jackson.databind.DeserializationContext.handleUnexpectedToken(DeserializationContext.java:1473)
at com.fasterxml.jackson.databind.deser.BeanDeserializer._deserializeFromArray(BeanDeserializer.java:656)
at com.fasterxml.jackson.databind.deser.BeanDeserializer._deserializeOther(BeanDeserializer.java:211)
at com.fasterxml.jackson.databind.deser.BeanDeserializer.deserialize(BeanDeserializer.java:187)
at com.fasterxml.jackson.databind.deser.DefaultDeserializationContext.readRootValue(DefaultDeserializationContext.java:323)
at com.fasterxml.jackson.databind.ObjectMapper._readMapAndClose(ObjectMapper.java:4825)
at com.fasterxml.jackson.databind.ObjectMapper.readValue(ObjectMapper.java:3772)
at com.fasterxml.jackson.databind.ObjectMapper.readValue(ObjectMapper.java:3740)
at apiTests.PetTests.Pet_Get_Status(PetTests.java:117)
at java.base/jdk.internal.reflect.NativeMethodAccessorImpl.invoke0(Native Method)
at java.base/jdk.internal.reflect.NativeMethodAccessorImpl.invoke(NativeMethodAccessorImpl.java:78)
at java.base/jdk.internal.reflect.DelegatingMethodAccessorImpl.invoke(DelegatingMethodAccessorImpl.java:43)
at java.base/java.lang.reflect.Method.invoke(Method.java:567)
at org.testng.internal.MethodInvocationHelper.invokeMethod(MethodInvocationHelper.java:133)
at org.testng.internal.TestInvoker.invokeMethod(TestInvoker.java:598)
at org.testng.internal.TestInvoker.invokeTestMethod(TestInvoker.java:173)
at org.testng.internal.MethodRunner.runInSequence(MethodRunner.java:46)
at org.testng.internal.TestInvoker$MethodInvocationAgent.invoke(TestInvoker.java:824)
at org.testng.internal.TestInvoker.invokeTestMethods(TestInvoker.java:146)
at org.testng.internal.TestMethodWorker.invokeTestMethods(TestMethodWorker.java:146)
at org.testng.internal.TestMethodWorker.run(TestMethodWorker.java:128)
at java.base/java.util.ArrayList.forEach(ArrayList.java:1511)
at org.testng.TestRunner.privateRun(TestRunner.java:794)
at org.testng.TestRunner.run(TestRunner.java:596)
at org.testng.SuiteRunner.runTest(SuiteRunner.java:377)
at org.testng.SuiteRunner.runSequentially(SuiteRunner.java:371)
at org.testng.SuiteRunner.privateRun(SuiteRunner.java:332)
at org.testng.SuiteRunner.run(SuiteRunner.java:276)
at org.testng.SuiteRunnerWorker.runSuite(SuiteRunnerWorker.java:53)
at org.testng.SuiteRunnerWorker.run(SuiteRunnerWorker.java:96)
at org.testng.TestNG.runSuitesSequentially(TestNG.java:1212)
at org.testng.TestNG.runSuitesLocally(TestNG.java:1134)
at org.testng.TestNG.runSuites(TestNG.java:1063)
at org.testng.TestNG.run(TestNG.java:1031)
at org.testng.remote.AbstractRemoteTestNG.run(AbstractRemoteTestNG.java:115)
at org.testng.remote.RemoteTestNG.initAndRun(RemoteTestNG.java:251)
at org.testng.remote.RemoteTestNG.main(RemoteTestNG.java:77)
]]>
    </failure>
  </testcase> <!-- Pet_Get_Status -->
  <testcase classname="apiTests.PetTests" name="Pet_Get" time="0.0">
    <ignored/>
  </testcase> <!-- Pet_Get -->
  <testcase classname="apiTests.PetTests" name="Pet_Delete" time="0.0">
    <ignored/>
  </testcase> <!-- Pet_Delete -->
  <testcase classname="apiTests.PetTests" name="Pet_Get_Error" time="0.0">
    <ignored/>
  </testcase> <!-- Pet_Get_Error -->
  <testcase classname="apiTests.PetTests" name="Pet_Post_Update" time="0.0">
    <ignored/>
  </testcase> <!-- Pet_Post_Update -->
  <testcase classname="apiTests.PetTests" name="Pet_Delete_Error" time="0.0">
    <ignored/>
  </testcase> <!-- Pet_Delete_Error -->
  <testcase classname="apiTests.PetTests" name="Pet_Post_Error" time="0.0">
    <ignored/>
  </testcase> <!-- Pet_Post_Error -->
  <testcase classname="apiTests.PetTests" name="Pet_Post_Image" time="0.0">
    <ignored/>
  </testcase> <!-- Pet_Post_Image -->
  <testcase classname="apiTests.PetTests" name="Pet_Put" time="0.0">
    <ignored/>
  </testcase> <!-- Pet_Put -->
  <testcase classname="apiTests.PetTests" name="Pet_Post" time="0.0">
    <ignored/>
  </testcase> <!-- Pet_Post -->
</testsuite> <!-- Default test -->
