<?xml version="1.0" encoding="UTF-8"?>
<testng-results ignored="9" total="10" passed="0" failed="1" skipped="0">
  <reporter-output>
  </reporter-output>
  <suite started-at="2024-04-02T07:54:24 IST" name="Default suite" finished-at="2024-04-02T07:54:31 IST" duration-ms="7078">
    <groups>
      <group name="Regression">
        <method signature="PetTests.Pet_Get_Status()[pri:0, instance:apiTests.PetTests@741a8937]" name="Pet_Get_Status" class="apiTests.PetTests"/>
      </group> <!-- Regression -->
    </groups>
    <test started-at="2024-04-02T07:54:24 IST" name="Default test" finished-at="2024-04-02T07:54:31 IST" duration-ms="7078">
      <class name="apiTests.PetTests">
        <test-method is-config="true" signature="setUp()[pri:0, instance:apiTests.PetTests@741a8937]" started-at="2024-04-02T07:54:24 IST" name="setUp" finished-at="2024-04-02T07:54:24 IST" duration-ms="19" status="PASS">
          <reporter-output>
          </reporter-output>
        </test-method> <!-- setUp -->
        <test-method is-config="true" signature="setUpTest()[pri:0, instance:apiTests.PetTests@741a8937]" started-at="2024-04-02T07:54:24 IST" name="setUpTest" finished-at="2024-04-02T07:54:25 IST" duration-ms="586" status="PASS">
          <reporter-output>
          </reporter-output>
        </test-method> <!-- setUpTest -->
        <test-method is-config="true" signature="setUp(org.testng.ITestContext,java.lang.reflect.Method)[pri:0, instance:apiTests.PetTests@741a8937]" started-at="2024-04-02T07:54:25 IST" name="setUp" finished-at="2024-04-02T07:54:25 IST" duration-ms="12" status="PASS">
          <params>
            <param index="0">
              <value>
                <![CDATA[org.testng.TestRunner@6cc64028]]>
              </value>
            </param>
            <param index="1">
              <value>
                <![CDATA[private void apiTests.PetTests.Pet_Get_Status() throws com.fasterxml.jackson.databind.JsonMappingException,com.fasterxml.jackson.core.JsonProcessingException]]>
              </value>
            </param>
          </params>
          <reporter-output>
          </reporter-output>
        </test-method> <!-- setUp -->
        <test-method signature="Pet_Get_Status()[pri:0, instance:apiTests.PetTests@741a8937]" started-at="2024-04-02T07:54:25 IST" name="Pet_Get_Status" finished-at="2024-04-02T07:54:31 IST" duration-ms="5647" status="FAIL">
          <exception class="com.fasterxml.jackson.databind.exc.MismatchedInputException">
            <message>
              <![CDATA[Cannot deserialize value of type `apiModels.PetJSONModelList` from Array value (token `JsonToken.START_ARRAY`)
 at [Source: (String)"[{"id":1712022524383,"category":{"id":1,"name":"category1"},"name":"jaroWolfy","photoUrls":["url-1","url-2","url-3"],"tags":[{"id":1,"name":"tag-1"},{"id":2,"name":"tag-2"}],"status":"pending"},{"id":1712022552929,"category":{"id":1,"name":"category1"},"name":"jaroWolfy","photoUrls":["url-1","url-2","url-3"],"tags":[{"id":1,"name":"tag-1"},{"id":2,"name":"tag-2"}],"status":"pending"},{"id":1712022636556,"category":{"id":1,"name":"category1"},"name":"jaroWolfy","photoUrls":["url-1","url-2","url-3"[truncated 891 chars]; line: 1, column: 1]]]>
            </message>
            <full-stacktrace>
              <![CDATA[com.fasterxml.jackson.databind.exc.MismatchedInputException: Cannot deserialize value of type `apiModels.PetJSONModelList` from Array value (token `JsonToken.START_ARRAY`)
 at [Source: (String)"[{"id":1712022524383,"category":{"id":1,"name":"category1"},"name":"jaroWolfy","photoUrls":["url-1","url-2","url-3"],"tags":[{"id":1,"name":"tag-1"},{"id":2,"name":"tag-2"}],"status":"pending"},{"id":1712022552929,"category":{"id":1,"name":"category1"},"name":"jaroWolfy","photoUrls":["url-1","url-2","url-3"],"tags":[{"id":1,"name":"tag-1"},{"id":2,"name":"tag-2"}],"status":"pending"},{"id":1712022636556,"category":{"id":1,"name":"category1"},"name":"jaroWolfy","photoUrls":["url-1","url-2","url-3"[truncated 891 chars]; line: 1, column: 1]
at com.fasterxml.jackson.databind.exc.MismatchedInputException.from(MismatchedInputException.java:59)
at com.fasterxml.jackson.databind.DeserializationContext.reportInputMismatch(DeserializationContext.java:1752)
at com.fasterxml.jackson.databind.DeserializationContext.handleUnexpectedToken(DeserializationContext.java:1526)
at com.fasterxml.jackson.databind.DeserializationContext.handleUnexpectedToken(DeserializationContext.java:1473)
at com.fasterxml.jackson.databind.deser.BeanDeserializer._deserializeFromArray(BeanDeserializer.java:656)
at com.fasterxml.jackson.databind.deser.BeanDeserializer._deserializeOther(BeanDeserializer.java:211)
at com.fasterxml.jackson.databind.deser.BeanDeserializer.deserialize(BeanDeserializer.java:187)
at com.fasterxml.jackson.databind.deser.DefaultDeserializationContext.readRootValue(DefaultDeserializationContext.java:323)
at com.fasterxml.jackson.databind.ObjectMapper._readMapAndClose(ObjectMapper.java:4825)
at com.fasterxml.jackson.databind.ObjectMapper.readValue(ObjectMapper.java:3772)
at com.fasterxml.jackson.databind.ObjectMapper.readValue(ObjectMapper.java:3740)
at apiTests.PetTests.Pet_Get_Status(PetTests.java:117)
at java.base/jdk.internal.reflect.NativeMethodAccessorImpl.invoke0(Native Method)
at java.base/jdk.internal.reflect.NativeMethodAccessorImpl.invoke(NativeMethodAccessorImpl.java:78)
at java.base/jdk.internal.reflect.DelegatingMethodAccessorImpl.invoke(DelegatingMethodAccessorImpl.java:43)
at java.base/java.lang.reflect.Method.invoke(Method.java:567)
at org.testng.internal.MethodInvocationHelper.invokeMethod(MethodInvocationHelper.java:133)
at org.testng.internal.TestInvoker.invokeMethod(TestInvoker.java:598)
at org.testng.internal.TestInvoker.invokeTestMethod(TestInvoker.java:173)
at org.testng.internal.MethodRunner.runInSequence(MethodRunner.java:46)
at org.testng.internal.TestInvoker$MethodInvocationAgent.invoke(TestInvoker.java:824)
at org.testng.internal.TestInvoker.invokeTestMethods(TestInvoker.java:146)
at org.testng.internal.TestMethodWorker.invokeTestMethods(TestMethodWorker.java:146)
at org.testng.internal.TestMethodWorker.run(TestMethodWorker.java:128)
at java.base/java.util.ArrayList.forEach(ArrayList.java:1511)
at org.testng.TestRunner.privateRun(TestRunner.java:794)
at org.testng.TestRunner.run(TestRunner.java:596)
at org.testng.SuiteRunner.runTest(SuiteRunner.java:377)
at org.testng.SuiteRunner.runSequentially(SuiteRunner.java:371)
at org.testng.SuiteRunner.privateRun(SuiteRunner.java:332)
at org.testng.SuiteRunner.run(SuiteRunner.java:276)
at org.testng.SuiteRunnerWorker.runSuite(SuiteRunnerWorker.java:53)
at org.testng.SuiteRunnerWorker.run(SuiteRunnerWorker.java:96)
at org.testng.TestNG.runSuitesSequentially(TestNG.java:1212)
at org.testng.TestNG.runSuitesLocally(TestNG.java:1134)
at org.testng.TestNG.runSuites(TestNG.java:1063)
at org.testng.TestNG.run(TestNG.java:1031)
at org.testng.remote.AbstractRemoteTestNG.run(AbstractRemoteTestNG.java:115)
at org.testng.remote.RemoteTestNG.initAndRun(RemoteTestNG.java:251)
at org.testng.remote.RemoteTestNG.main(RemoteTestNG.java:77)
]]>
            </full-stacktrace>
          </exception> <!-- com.fasterxml.jackson.databind.exc.MismatchedInputException -->
          <reporter-output>
          </reporter-output>
        </test-method> <!-- Pet_Get_Status -->
        <test-method is-config="true" signature="cleanUp(org.testng.ITestResult)[pri:0, instance:apiTests.PetTests@741a8937]" started-at="2024-04-02T07:54:31 IST" name="cleanUp" finished-at="2024-04-02T07:54:31 IST" duration-ms="0" status="PASS">
          <params>
            <param index="0">
              <value>
                <![CDATA[[TestResult name=Pet_Get_Status status=FAILURE method=PetTests.Pet_Get_Status()[pri:0, instance:apiTests.PetTests@741a8937] output={null}]]]>
              </value>
            </param>
          </params>
          <reporter-output>
          </reporter-output>
        </test-method> <!-- cleanUp -->
        <test-method is-config="true" signature="cleanUpTest()[pri:0, instance:apiTests.PetTests@741a8937]" started-at="2024-04-02T07:54:31 IST" name="cleanUpTest" finished-at="2024-04-02T07:54:31 IST" duration-ms="766" status="PASS">
          <reporter-output>
          </reporter-output>
        </test-method> <!-- cleanUpTest -->
      </class> <!-- apiTests.PetTests -->
    </test> <!-- Default test -->
  </suite> <!-- Default suite -->
</testng-results>
