<?xml version="1.0" encoding="UTF-8"?>
<!-- Generated by org.testng.reporters.JUnitReportReporter -->
<testsuite hostname="LAPTOP-PBC84H5H" failures="0" tests="1" name="apiTests.PetTests" time="5.659" errors="1" timestamp="2024-04-02T07:54:32 IST" skipped="0">
  <testcase classname="apiTests.PetTests" name="Pet_Get_Status" time="5.659">
    <error message="Cannot deserialize value of type `apiModels.PetJSONModelList` from Array value (token `JsonToken.START_ARRAY`)
 at [Source: (String)&quot;[{&quot;id&quot;:1712022524383,&quot;category&quot;:{&quot;id&quot;:1,&quot;name&quot;:&quot;category1&quot;},&quot;name&quot;:&quot;jaroWolfy&quot;,&quot;photoUrls&quot;:[&quot;url-1&quot;,&quot;url-2&quot;,&quot;url-3&quot;],&quot;tags&quot;:[{&quot;id&quot;:1,&quot;name&quot;:&quot;tag-1&quot;},{&quot;id&quot;:2,&quot;name&quot;:&quot;tag-2&quot;}],&quot;status&quot;:&quot;pending&quot;},{&quot;id&quot;:1712022552929,&quot;category&quot;:{&quot;id&quot;:1,&quot;name&quot;:&quot;category1&quot;},&quot;name&quot;:&quot;jaroWolfy&quot;,&quot;photoUrls&quot;:[&quot;url-1&quot;,&quot;url-2&quot;,&quot;url-3&quot;],&quot;tags&quot;:[{&quot;id&quot;:1,&quot;name&quot;:&quot;tag-1&quot;},{&quot;id&quot;:2,&quot;name&quot;:&quot;tag-2&quot;}],&quot;status&quot;:&quot;pending&quot;},{&quot;id&quot;:1712022636556,&quot;category&quot;:{&quot;id&quot;:1,&quot;name&quot;:&quot;category1&quot;},&quot;name&quot;:&quot;jaroWolfy&quot;,&quot;photoUrls&quot;:[&quot;url-1&quot;,&quot;url-2&quot;,&quot;url-3&quot;[truncated 891 chars]; line: 1, column: 1]" type="com.fasterxml.jackson.databind.exc.MismatchedInputException">
      <![CDATA[com.fasterxml.jackson.databind.exc.MismatchedInputException: Cannot deserialize value of type `apiModels.PetJSONModelList` from Array value (token `JsonToken.START_ARRAY`)
 at [Source: (String)"[{"id":1712022524383,"category":{"id":1,"name":"category1"},"name":"jaroWolfy","photoUrls":["url-1","url-2","url-3"],"tags":[{"id":1,"name":"tag-1"},{"id":2,"name":"tag-2"}],"status":"pending"},{"id":1712022552929,"category":{"id":1,"name":"category1"},"name":"jaroWolfy","photoUrls":["url-1","url-2","url-3"],"tags":[{"id":1,"name":"tag-1"},{"id":2,"name":"tag-2"}],"status":"pending"},{"id":1712022636556,"category":{"id":1,"name":"category1"},"name":"jaroWolfy","photoUrls":["url-1","url-2","url-3"[truncated 891 chars]; line: 1, column: 1]
at com.fasterxml.jackson.databind.exc.MismatchedInputException.from(MismatchedInputException.java:59)
at com.fasterxml.jackson.databind.DeserializationContext.reportInputMismatch(DeserializationContext.java:1752)
at com.fasterxml.jackson.databind.DeserializationContext.handleUnexpectedToken(DeserializationContext.java:1526)
at com.fasterxml.jackson.databind.DeserializationContext.handleUnexpectedToken(DeserializationContext.java:1473)
at com.fasterxml.jackson.databind.deser.BeanDeserializer._deserializeFromArray(BeanDeserializer.java:656)
at com.fasterxml.jackson.databind.deser.BeanDeserializer._deserializeOther(BeanDeserializer.java:211)
at com.fasterxml.jackson.databind.deser.BeanDeserializer.deserialize(BeanDeserializer.java:187)
at com.fasterxml.jackson.databind.deser.DefaultDeserializationContext.readRootValue(DefaultDeserializationContext.java:323)
at com.fasterxml.jackson.databind.ObjectMapper._readMapAndClose(ObjectMapper.java:4825)
at com.fasterxml.jackson.databind.ObjectMapper.readValue(ObjectMapper.java:3772)
at com.fasterxml.jackson.databind.ObjectMapper.readValue(ObjectMapper.java:3740)
at apiTests.PetTests.Pet_Get_Status(PetTests.java:117)
at java.base/jdk.internal.reflect.NativeMethodAccessorImpl.invoke0(Native Method)
at java.base/jdk.internal.reflect.NativeMethodAccessorImpl.invoke(NativeMethodAccessorImpl.java:78)
at java.base/jdk.internal.reflect.DelegatingMethodAccessorImpl.invoke(DelegatingMethodAccessorImpl.java:43)
at java.base/java.lang.reflect.Method.invoke(Method.java:567)
at org.testng.internal.MethodInvocationHelper.invokeMethod(MethodInvocationHelper.java:133)
at org.testng.internal.TestInvoker.invokeMethod(TestInvoker.java:598)
at org.testng.internal.TestInvoker.invokeTestMethod(TestInvoker.java:173)
at org.testng.internal.MethodRunner.runInSequence(MethodRunner.java:46)
at org.testng.internal.TestInvoker$MethodInvocationAgent.invoke(TestInvoker.java:824)
at org.testng.internal.TestInvoker.invokeTestMethods(TestInvoker.java:146)
at org.testng.internal.TestMethodWorker.invokeTestMethods(TestMethodWorker.java:146)
at org.testng.internal.TestMethodWorker.run(TestMethodWorker.java:128)
at java.base/java.util.ArrayList.forEach(ArrayList.java:1511)
at org.testng.TestRunner.privateRun(TestRunner.java:794)
at org.testng.TestRunner.run(TestRunner.java:596)
at org.testng.SuiteRunner.runTest(SuiteRunner.java:377)
at org.testng.SuiteRunner.runSequentially(SuiteRunner.java:371)
at org.testng.SuiteRunner.privateRun(SuiteRunner.java:332)
at org.testng.SuiteRunner.run(SuiteRunner.java:276)
at org.testng.SuiteRunnerWorker.runSuite(SuiteRunnerWorker.java:53)
at org.testng.SuiteRunnerWorker.run(SuiteRunnerWorker.java:96)
at org.testng.TestNG.runSuitesSequentially(TestNG.java:1212)
at org.testng.TestNG.runSuitesLocally(TestNG.java:1134)
at org.testng.TestNG.runSuites(TestNG.java:1063)
at org.testng.TestNG.run(TestNG.java:1031)
at org.testng.remote.AbstractRemoteTestNG.run(AbstractRemoteTestNG.java:115)
at org.testng.remote.RemoteTestNG.initAndRun(RemoteTestNG.java:251)
at org.testng.remote.RemoteTestNG.main(RemoteTestNG.java:77)
]]>
    </error>
  </testcase> <!-- Pet_Get_Status -->
  <system-out/>
</testsuite> <!-- apiTests.PetTests -->
